<?xml version="1.0" encoding="UTF-8"?>
<!-- Generated by org.testng.reporters.JUnitReportReporter -->
<testsuite hostname="LAPTOP-TPPN1LP7" failures="0" tests="3" name="rahulsettyacademy.tests.StandAloneOrderTest" time="36.623" errors="0" timestamp="2023-10-13T11:04:40 IST" skipped="0">
  <testcase classname="rahulsettyacademy.tests.StandAloneOrderTest" name="SubmitOrder" time="16.522"/>
  <testcase classname="rahulsettyacademy.tests.StandAloneOrderTest" name="SubmitOrder" time="17.787"/>
  <testcase classname="rahulsettyacademy.tests.StandAloneOrderTest" name="OrderHistoryTest" time="2.314"/>
</testsuite> <!-- rahulsettyacademy.tests.StandAloneOrderTest -->
