<?xml version="1.0" encoding="UTF-8"?>
<!-- Generated by org.testng.reporters.JUnitReportReporter -->
<testsuite hostname="LAPTOP-TPPN1LP7" failures="0" tests="2" name="rahulsettyacademy.tests.ErrorValidationsTest" time="20.644" errors="0" timestamp="2023-10-13T11:04:40 IST" skipped="0">
  <testcase classname="rahulsettyacademy.tests.ErrorValidationsTest" name="LoginErrorValidation" time="3.446"/>
  <testcase classname="rahulsettyacademy.tests.ErrorValidationsTest" name="ProductErrorValidation" time="17.198"/>
</testsuite> <!-- rahulsettyacademy.tests.ErrorValidationsTest -->
