<?xml version="1.0" encoding="UTF-8"?>
<!-- Generated by org.testng.reporters.JUnitReportReporter -->
<testsuite hostname="LAPTOP-TPPN1LP7" failures="0" tests="1" name="rahulsettyacademy.tests.ErrorValidationsTest" time="9.739" errors="0" timestamp="2024-03-13T15:59:36 IST" skipped="0">
  <testcase classname="rahulsettyacademy.tests.ErrorValidationsTest" name="LoginErrorValidation" time="9.739"/>
</testsuite> <!-- rahulsettyacademy.tests.ErrorValidationsTest -->
