<?xml version="1.0" encoding="UTF-8"?>
<!-- Generated by org.testng.reporters.JUnitReportReporter -->
<testsuite hostname="LAPTOP-TPPN1LP7" failures="0" tests="2" name="rahulsettyacademy.tests.StandAloneOrderTest" time="42.257" errors="0" timestamp="2024-03-13T14:50:01 IST" skipped="0">
  <testcase classname="rahulsettyacademy.tests.StandAloneOrderTest" name="SubmitOrder" time="19.457"/>
  <testcase classname="rahulsettyacademy.tests.StandAloneOrderTest" name="SubmitOrder" time="22.800"/>
</testsuite> <!-- rahulsettyacademy.tests.StandAloneOrderTest -->
